# JRE version: Java(TM) SE Runtime Environment (8.0_121-b13) (build 1.8.0_121-b13)
# Java VM: Java HotSpot(TM) 64-Bit Server VM (25.121-b13 mixed mode windows-amd64 compressed oops)
Heap:
 PSYoungGen      total 108032K, used 54789K [0x00000000d5e00000, 0x00000000dea00000, 0x0000000100000000)
  eden space 102912K, 48% used [0x00000000d5e00000,0x00000000d8e83df8,0x00000000dc280000)
  from space 5120K, 99% used [0x00000000de500000,0x00000000de9fd838,0x00000000dea00000)
  to   space 5120K, 0% used [0x00000000de000000,0x00000000de000000,0x00000000de500000)
 ParOldGen       total 60416K, used 8089K [0x0000000081a00000, 0x0000000085500000, 0x00000000d5e00000)
  object space 60416K, 13% used [0x0000000081a00000,0x00000000821e6630,0x0000000085500000)
 Metaspace       used 24851K, capacity 25202K, committed 25472K, reserved 1071104K
  class space    used 3048K, capacity 3164K, committed 3200K, reserved 1048576K
GC Heap History (10 events):
Event: 0.774 GC heap before
{Heap before GC invocations=1 (full 0):
 PSYoungGen      total 38400K, used 33280K [0x00000000d5e00000, 0x00000000d8880000, 0x0000000100000000)
  eden space 33280K, 100% used [0x00000000d5e00000,0x00000000d7e80000,0x00000000d7e80000)
  from space 5120K, 0% used [0x00000000d8380000,0x00000000d8380000,0x00000000d8880000)
  to   space 5120K, 0% used [0x00000000d7e80000,0x00000000d7e80000,0x00000000d8380000)
 ParOldGen       total 87552K, used 0K [0x0000000081a00000, 0x0000000086f80000, 0x00000000d5e00000)
  object space 87552K, 0% used [0x0000000081a00000,0x0000000081a00000,0x0000000086f80000)
 Metaspace       used 11586K, capacity 11810K, committed 12032K, reserved 1060864K
  class space    used 1405K, capacity 1484K, committed 1536K, reserved 1048576K
Event: 0.782 GC heap after
Heap after GC invocations=1 (full 0):
 PSYoungGen      total 38400K, used 5117K [0x00000000d5e00000, 0x00000000da900000, 0x0000000100000000)
  eden space 33280K, 0% used [0x00000000d5e00000,0x00000000d5e00000,0x00000000d7e80000)
  from space 5120K, 99% used [0x00000000d7e80000,0x00000000d837f768,0x00000000d8380000)
  to   space 5120K, 0% used [0x00000000da400000,0x00000000da400000,0x00000000da900000)
 ParOldGen       total 87552K, used 436K [0x0000000081a00000, 0x0000000086f80000, 0x00000000d5e00000)
  object space 87552K, 0% used [0x0000000081a00000,0x0000000081a6d308,0x0000000086f80000)
 Metaspace       used 11586K, capacity 11810K, committed 12032K, reserved 1060864K
  class space    used 1405K, capacity 1484K, committed 1536K, reserved 1048576K
}
Event: 1.008 GC heap before
{Heap before GC invocations=2 (full 0):
 PSYoungGen      total 38400K, used 38397K [0x00000000d5e00000, 0x00000000da900000, 0x0000000100000000)
  eden space 33280K, 100% used [0x00000000d5e00000,0x00000000d7e80000,0x00000000d7e80000)
  from space 5120K, 99% used [0x00000000d7e80000,0x00000000d837f768,0x00000000d8380000)
  to   space 5120K, 0% used [0x00000000da400000,0x00000000da400000,0x00000000da900000)
 ParOldGen       total 87552K, used 436K [0x0000000081a00000, 0x0000000086f80000, 0x00000000d5e00000)
  object space 87552K, 0% used [0x0000000081a00000,0x0000000081a6d308,0x0000000086f80000)
 Metaspace       used 16661K, capacity 16898K, committed 17024K, reserved 1064960K
  class space    used 2079K, capacity 2156K, committed 2176K, reserved 1048576K
Event: 1.018 GC heap after
Heap after GC invocations=2 (full 0):
 PSYoungGen      total 71680K, used 5111K [0x00000000d5e00000, 0x00000000da900000, 0x0000000100000000)
  eden space 66560K, 0% used [0x00000000d5e00000,0x00000000d5e00000,0x00000000d9f00000)
  from space 5120K, 99% used [0x00000000da400000,0x00000000da8fdc20,0x00000000da900000)
  to   space 5120K, 0% used [0x00000000d9f00000,0x00000000d9f00000,0x00000000da400000)
 ParOldGen       total 87552K, used 3716K [0x0000000081a00000, 0x0000000086f80000, 0x00000000d5e00000)
  object space 87552K, 4% used [0x0000000081a00000,0x0000000081da1050,0x0000000086f80000)
 Metaspace       used 16661K, capacity 16898K, committed 17024K, reserved 1064960K
  class space    used 2079K, capacity 2156K, committed 2176K, reserved 1048576K
}
Event: 1.219 GC heap before
{Heap before GC invocations=3 (full 0):
 PSYoungGen      total 71680K, used 30577K [0x00000000d5e00000, 0x00000000da900000, 0x0000000100000000)
  eden space 66560K, 38% used [0x00000000d5e00000,0x00000000d76deb40,0x00000000d9f00000)
  from space 5120K, 99% used [0x00000000da400000,0x00000000da8fdc20,0x00000000da900000)
  to   space 5120K, 0% used [0x00000000d9f00000,0x00000000d9f00000,0x00000000da400000)
 ParOldGen       total 87552K, used 3716K [0x0000000081a00000, 0x0000000086f80000, 0x00000000d5e00000)
  object space 87552K, 4% used [0x0000000081a00000,0x0000000081da1050,0x0000000086f80000)
 Metaspace       used 20884K, capacity 21120K, committed 21296K, reserved 1069056K
  class space    used 2540K, capacity 2625K, committed 2688K, reserved 1048576K
Event: 1.228 GC heap after
Heap after GC invocations=3 (full 0):
 PSYoungGen      total 71680K, used 5096K [0x00000000d5e00000, 0x00000000dea00000, 0x0000000100000000)
  eden space 66560K, 0% used [0x00000000d5e00000,0x00000000d5e00000,0x00000000d9f00000)
  from space 5120K, 99% used [0x00000000d9f00000,0x00000000da3fa040,0x00000000da400000)
  to   space 5120K, 0% used [0x00000000de500000,0x00000000de500000,0x00000000dea00000)
 ParOldGen       total 87552K, used 6718K [0x0000000081a00000, 0x0000000086f80000, 0x00000000d5e00000)
  object space 87552K, 7% used [0x0000000081a00000,0x000000008208f868,0x0000000086f80000)
 Metaspace       used 20884K, capacity 21120K, committed 21296K, reserved 1069056K
  class space    used 2540K, capacity 2625K, committed 2688K, reserved 1048576K
}
Event: 1.228 GC heap before
{Heap before GC invocations=4 (full 1):
 PSYoungGen      total 71680K, used 5096K [0x00000000d5e00000, 0x00000000dea00000, 0x0000000100000000)
  eden space 66560K, 0% used [0x00000000d5e00000,0x00000000d5e00000,0x00000000d9f00000)
  from space 5120K, 99% used [0x00000000d9f00000,0x00000000da3fa040,0x00000000da400000)
  to   space 5120K, 0% used [0x00000000de500000,0x00000000de500000,0x00000000dea00000)
 ParOldGen       total 87552K, used 6718K [0x0000000081a00000, 0x0000000086f80000, 0x00000000d5e00000)
  object space 87552K, 7% used [0x0000000081a00000,0x000000008208f868,0x0000000086f80000)
 Metaspace       used 20884K, capacity 21120K, committed 21296K, reserved 1069056K
  class space    used 2540K, capacity 2625K, committed 2688K, reserved 1048576K
Event: 1.255 GC heap after
Heap after GC invocations=4 (full 1):
 PSYoungGen      total 71680K, used 0K [0x00000000d5e00000, 0x00000000dea00000, 0x0000000100000000)
  eden space 66560K, 0% used [0x00000000d5e00000,0x00000000d5e00000,0x00000000d9f00000)
  from space 5120K, 0% used [0x00000000d9f00000,0x00000000d9f00000,0x00000000da400000)
  to   space 5120K, 0% used [0x00000000de500000,0x00000000de500000,0x00000000dea00000)
 ParOldGen       total 60416K, used 7882K [0x0000000081a00000, 0x0000000085500000, 0x00000000d5e00000)
  object space 60416K, 13% used [0x0000000081a00000,0x00000000821b2b60,0x0000000085500000)
 Metaspace       used 20884K, capacity 21120K, committed 21296K, reserved 1069056K
  class space    used 2540K, capacity 2625K, committed 2688K, reserved 1048576K
}
Event: 1.687 GC heap before
{Heap before GC invocations=5 (full 1):
 PSYoungGen      total 71680K, used 66560K [0x00000000d5e00000, 0x00000000dea00000, 0x0000000100000000)
  eden space 66560K, 100% used [0x00000000d5e00000,0x00000000d9f00000,0x00000000d9f00000)
  from space 5120K, 0% used [0x00000000d9f00000,0x00000000d9f00000,0x00000000da400000)
  to   space 5120K, 0% used [0x00000000de500000,0x00000000de500000,0x00000000dea00000)
 ParOldGen       total 60416K, used 7882K [0x0000000081a00000, 0x0000000085500000, 0x00000000d5e00000)
  object space 60416K, 13% used [0x0000000081a00000,0x00000000821b2b60,0x0000000085500000)
 Metaspace       used 22972K, capacity 23302K, committed 23424K, reserved 1069056K
  class space    used 2778K, capacity 2901K, committed 2944K, reserved 1048576K
Event: 1.694 GC heap after
Heap after GC invocations=5 (full 1):
 PSYoungGen      total 108032K, used 5110K [0x00000000d5e00000, 0x00000000dea00000, 0x0000000100000000)
  eden space 102912K, 0% used [0x00000000d5e00000,0x00000000d5e00000,0x00000000dc280000)
  from space 5120K, 99% used [0x00000000de500000,0x00000000de9fd838,0x00000000dea00000)
  to   space 5120K, 0% used [0x00000000de000000,0x00000000de000000,0x00000000de500000)
 ParOldGen       total 60416K, used 8089K [0x0000000081a00000, 0x0000000085500000, 0x00000000d5e00000)
  object space 60416K, 13% used [0x0000000081a00000,0x00000000821e6630,0x0000000085500000)
 Metaspace       used 22972K, capacity 23302K, committed 23424K, reserved 1069056K
  class space    used 2778K, capacity 2901K, committed 2944K, reserved 1048576K
}

