# JRE version: Java(TM) SE Runtime Environment (8.0_121-b13) (build 1.8.0_121-b13)
# Java VM: Java HotSpot(TM) 64-Bit Server VM (25.121-b13 mixed mode windows-amd64 compressed oops)
Heap:
 PSYoungGen      total 176128K, used 120467K [0x00000000d5e00000, 0x00000000e1f00000, 0x0000000100000000)
  eden space 159744K, 75% used [0x00000000d5e00000,0x00000000dd3a4d50,0x00000000dfa00000)
  from space 16384K, 0% used [0x00000000e0f00000,0x00000000e0f00000,0x00000000e1f00000)
  to   space 18944K, 0% used [0x00000000dfa00000,0x00000000dfa00000,0x00000000e0c80000)
 ParOldGen       total 90624K, used 25203K [0x0000000081a00000, 0x0000000087280000, 0x00000000d5e00000)
  object space 90624K, 27% used [0x0000000081a00000,0x000000008329cee8,0x0000000087280000)
 Metaspace       used 39280K, capacity 39976K, committed 40192K, reserved 1085440K
  class space    used 4822K, capacity 5032K, committed 5120K, reserved 1048576K
GC Heap History (10 events):
Event: 3.516 GC heap before
{Heap before GC invocations=9 (full 1):
 PSYoungGen      total 87552K, used 87533K [0x00000000d5e00000, 0x00000000dea80000, 0x0000000100000000)
  eden space 76800K, 100% used [0x00000000d5e00000,0x00000000da900000,0x00000000da900000)
  from space 10752K, 99% used [0x00000000da900000,0x00000000db37b650,0x00000000db380000)
  to   space 14336K, 0% used [0x00000000ddc80000,0x00000000ddc80000,0x00000000dea80000)
 ParOldGen       total 61440K, used 12607K [0x0000000081a00000, 0x0000000085600000, 0x00000000d5e00000)
  object space 61440K, 20% used [0x0000000081a00000,0x000000008264fda8,0x0000000085600000)
 Metaspace       used 34001K, capacity 34506K, committed 34944K, reserved 1079296K
  class space    used 4223K, capacity 4382K, committed 4480K, reserved 1048576K
Event: 3.533 GC heap after
Heap after GC invocations=9 (full 1):
 PSYoungGen      total 125952K, used 14333K [0x00000000d5e00000, 0x00000000df380000, 0x0000000100000000)
  eden space 111616K, 0% used [0x00000000d5e00000,0x00000000d5e00000,0x00000000dcb00000)
  from space 14336K, 99% used [0x00000000ddc80000,0x00000000dea7f640,0x00000000dea80000)
  to   space 17920K, 0% used [0x00000000dcb00000,0x00000000dcb00000,0x00000000ddc80000)
 ParOldGen       total 61440K, used 14752K [0x0000000081a00000, 0x0000000085600000, 0x00000000d5e00000)
  object space 61440K, 24% used [0x0000000081a00000,0x0000000082868148,0x0000000085600000)
 Metaspace       used 34001K, capacity 34506K, committed 34944K, reserved 1079296K
  class space    used 4223K, capacity 4382K, committed 4480K, reserved 1048576K
}
Event: 3.587 GC heap before
{Heap before GC invocations=10 (full 1):
 PSYoungGen      total 125952K, used 24180K [0x00000000d5e00000, 0x00000000df380000, 0x0000000100000000)
  eden space 111616K, 8% used [0x00000000d5e00000,0x00000000d679db50,0x00000000dcb00000)
  from space 14336K, 99% used [0x00000000ddc80000,0x00000000dea7f640,0x00000000dea80000)
  to   space 17920K, 0% used [0x00000000dcb00000,0x00000000dcb00000,0x00000000ddc80000)
 ParOldGen       total 61440K, used 14752K [0x0000000081a00000, 0x0000000085600000, 0x00000000d5e00000)
  object space 61440K, 24% used [0x0000000081a00000,0x0000000082868148,0x0000000085600000)
 Metaspace       used 34742K, capacity 35242K, committed 35456K, reserved 1081344K
  class space    used 4260K, capacity 4414K, committed 4480K, reserved 1048576K
Event: 3.600 GC heap after
Heap after GC invocations=10 (full 1):
 PSYoungGen      total 129536K, used 15570K [0x00000000d5e00000, 0x00000000e2200000, 0x0000000100000000)
  eden space 111616K, 0% used [0x00000000d5e00000,0x00000000d5e00000,0x00000000dcb00000)
  from space 17920K, 86% used [0x00000000dcb00000,0x00000000dda348c8,0x00000000ddc80000)
  to   space 19456K, 0% used [0x00000000e0f00000,0x00000000e0f00000,0x00000000e2200000)
 ParOldGen       total 61440K, used 15504K [0x0000000081a00000, 0x0000000085600000, 0x00000000d5e00000)
  object space 61440K, 25% used [0x0000000081a00000,0x0000000082924148,0x0000000085600000)
 Metaspace       used 34742K, capacity 35242K, committed 35456K, reserved 1081344K
  class space    used 4260K, capacity 4414K, committed 4480K, reserved 1048576K
}
Event: 3.600 GC heap before
{Heap before GC invocations=11 (full 2):
 PSYoungGen      total 129536K, used 15570K [0x00000000d5e00000, 0x00000000e2200000, 0x0000000100000000)
  eden space 111616K, 0% used [0x00000000d5e00000,0x00000000d5e00000,0x00000000dcb00000)
  from space 17920K, 86% used [0x00000000dcb00000,0x00000000dda348c8,0x00000000ddc80000)
  to   space 19456K, 0% used [0x00000000e0f00000,0x00000000e0f00000,0x00000000e2200000)
 ParOldGen       total 61440K, used 15504K [0x0000000081a00000, 0x0000000085600000, 0x00000000d5e00000)
  object space 61440K, 25% used [0x0000000081a00000,0x0000000082924148,0x0000000085600000)
 Metaspace       used 34742K, capacity 35242K, committed 35456K, reserved 1081344K
  class space    used 4260K, capacity 4414K, committed 4480K, reserved 1048576K
Event: 3.671 GC heap after
Heap after GC invocations=11 (full 2):
 PSYoungGen      total 129536K, used 0K [0x00000000d5e00000, 0x00000000e2200000, 0x0000000100000000)
  eden space 111616K, 0% used [0x00000000d5e00000,0x00000000d5e00000,0x00000000dcb00000)
  from space 17920K, 0% used [0x00000000dcb00000,0x00000000dcb00000,0x00000000ddc80000)
  to   space 19456K, 0% used [0x00000000e0f00000,0x00000000e0f00000,0x00000000e2200000)
 ParOldGen       total 90624K, used 23113K [0x0000000081a00000, 0x0000000087280000, 0x00000000d5e00000)
  object space 90624K, 25% used [0x0000000081a00000,0x0000000083092608,0x0000000087280000)
 Metaspace       used 34742K, capacity 35242K, committed 35456K, reserved 1081344K
  class space    used 4260K, capacity 4414K, committed 4480K, reserved 1048576K
}
Event: 73.634 GC heap before
{Heap before GC invocations=12 (full 2):
 PSYoungGen      total 129536K, used 86990K [0x00000000d5e00000, 0x00000000e2200000, 0x0000000100000000)
  eden space 111616K, 77% used [0x00000000d5e00000,0x00000000db2f3940,0x00000000dcb00000)
  from space 17920K, 0% used [0x00000000dcb00000,0x00000000dcb00000,0x00000000ddc80000)
  to   space 19456K, 0% used [0x00000000e0f00000,0x00000000e0f00000,0x00000000e2200000)
 ParOldGen       total 90624K, used 23113K [0x0000000081a00000, 0x0000000087280000, 0x00000000d5e00000)
  object space 90624K, 25% used [0x0000000081a00000,0x0000000083092608,0x0000000087280000)
 Metaspace       used 38813K, capacity 39400K, committed 39808K, reserved 1083392K
  class space    used 4787K, capacity 4948K, committed 4992K, reserved 1048576K
Event: 73.641 GC heap after
Heap after GC invocations=12 (full 2):
 PSYoungGen      total 176128K, used 5926K [0x00000000d5e00000, 0x00000000e1f00000, 0x0000000100000000)
  eden space 159744K, 0% used [0x00000000d5e00000,0x00000000d5e00000,0x00000000dfa00000)
  from space 16384K, 36% used [0x00000000e0f00000,0x00000000e14c98d8,0x00000000e1f00000)
  to   space 18944K, 0% used [0x00000000dfa00000,0x00000000dfa00000,0x00000000e0c80000)
 ParOldGen       total 90624K, used 23121K [0x0000000081a00000, 0x0000000087280000, 0x00000000d5e00000)
  object space 90624K, 25% used [0x0000000081a00000,0x0000000083094608,0x0000000087280000)
 Metaspace       used 38813K, capacity 39400K, committed 39808K, reserved 1083392K
  class space    used 4787K, capacity 4948K, committed 4992K, reserved 1048576K
}
Event: 73.641 GC heap before
{Heap before GC invocations=13 (full 3):
 PSYoungGen      total 176128K, used 5926K [0x00000000d5e00000, 0x00000000e1f00000, 0x0000000100000000)
  eden space 159744K, 0% used [0x00000000d5e00000,0x00000000d5e00000,0x00000000dfa00000)
  from space 16384K, 36% used [0x00000000e0f00000,0x00000000e14c98d8,0x00000000e1f00000)
  to   space 18944K, 0% used [0x00000000dfa00000,0x00000000dfa00000,0x00000000e0c80000)
 ParOldGen       total 90624K, used 23121K [0x0000000081a00000, 0x0000000087280000, 0x00000000d5e00000)
  object space 90624K, 25% used [0x0000000081a00000,0x0000000083094608,0x0000000087280000)
 Metaspace       used 38813K, capacity 39400K, committed 39808K, reserved 1083392K
  class space    used 4787K, capacity 4948K, committed 4992K, reserved 1048576K
Event: 73.795 GC heap after
Heap after GC invocations=13 (full 3):
 PSYoungGen      total 176128K, used 0K [0x00000000d5e00000, 0x00000000e1f00000, 0x0000000100000000)
  eden space 159744K, 0% used [0x00000000d5e00000,0x00000000d5e00000,0x00000000dfa00000)
  from space 16384K, 0% used [0x00000000e0f00000,0x00000000e0f00000,0x00000000e1f00000)
  to   space 18944K, 0% used [0x00000000dfa00000,0x00000000dfa00000,0x00000000e0c80000)
 ParOldGen       total 90624K, used 25203K [0x0000000081a00000, 0x0000000087280000, 0x00000000d5e00000)
  object space 90624K, 27% used [0x0000000081a00000,0x000000008329cee8,0x0000000087280000)
 Metaspace       used 38813K, capacity 39400K, committed 39808K, reserved 1083392K
  class space    used 4787K, capacity 4948K, committed 4992K, reserved 1048576K
}

