# JRE version: Java(TM) SE Runtime Environment (8.0_121-b13) (build 1.8.0_121-b13)
# Java VM: Java HotSpot(TM) 64-Bit Server VM (25.121-b13 mixed mode windows-amd64 compressed oops)
Heap:
 PSYoungGen      total 122368K, used 7297K [0x00000000d5e00000, 0x00000000e0e80000, 0x0000000100000000)
  eden space 105472K, 6% used [0x00000000d5e00000,0x00000000d65205d8,0x00000000dc500000)
  from space 16896K, 0% used [0x00000000dc500000,0x00000000dc500000,0x00000000dd580000)
  to   space 19456K, 0% used [0x00000000dfb80000,0x00000000dfb80000,0x00000000e0e80000)
 ParOldGen       total 101376K, used 23064K [0x0000000081a00000, 0x0000000087d00000, 0x00000000d5e00000)
  object space 101376K, 22% used [0x0000000081a00000,0x0000000083086208,0x0000000087d00000)
 Metaspace       used 35505K, capacity 35976K, committed 36352K, reserved 1081344K
  class space    used 4349K, capacity 4492K, committed 4608K, reserved 1048576K
GC Heap History (10 events):
Event: 2.388 GC heap before
{Heap before GC invocations=7 (full 1):
 PSYoungGen      total 70144K, used 69555K [0x00000000d5e00000, 0x00000000dba80000, 0x0000000100000000)
  eden space 65024K, 100% used [0x00000000d5e00000,0x00000000d9d80000,0x00000000d9d80000)
  from space 5120K, 88% used [0x00000000d9d80000,0x00000000da1ecd88,0x00000000da280000)
  to   space 10240K, 0% used [0x00000000db080000,0x00000000db080000,0x00000000dba80000)
 ParOldGen       total 63488K, used 8250K [0x0000000081a00000, 0x0000000085800000, 0x00000000d5e00000)
  object space 63488K, 12% used [0x0000000081a00000,0x000000008220ea50,0x0000000085800000)
 Metaspace       used 27207K, capacity 27628K, committed 27904K, reserved 1073152K
  class space    used 3349K, capacity 3458K, committed 3584K, reserved 1048576K
Event: 2.394 GC heap after
Heap after GC invocations=7 (full 1):
 PSYoungGen      total 83968K, used 7687K [0x00000000d5e00000, 0x00000000dd000000, 0x0000000100000000)
  eden space 73728K, 0% used [0x00000000d5e00000,0x00000000d5e00000,0x00000000da600000)
  from space 10240K, 75% used [0x00000000db080000,0x00000000db801c50,0x00000000dba80000)
  to   space 10752K, 0% used [0x00000000da600000,0x00000000da600000,0x00000000db080000)
 ParOldGen       total 63488K, used 8258K [0x0000000081a00000, 0x0000000085800000, 0x00000000d5e00000)
  object space 63488K, 13% used [0x0000000081a00000,0x0000000082210a50,0x0000000085800000)
 Metaspace       used 27207K, capacity 27628K, committed 27904K, reserved 1073152K
  class space    used 3349K, capacity 3458K, committed 3584K, reserved 1048576K
}
Event: 3.143 GC heap before
{Heap before GC invocations=8 (full 1):
 PSYoungGen      total 83968K, used 81415K [0x00000000d5e00000, 0x00000000dd000000, 0x0000000100000000)
  eden space 73728K, 100% used [0x00000000d5e00000,0x00000000da600000,0x00000000da600000)
  from space 10240K, 75% used [0x00000000db080000,0x00000000db801c50,0x00000000dba80000)
  to   space 10752K, 0% used [0x00000000da600000,0x00000000da600000,0x00000000db080000)
 ParOldGen       total 63488K, used 8258K [0x0000000081a00000, 0x0000000085800000, 0x00000000d5e00000)
  object space 63488K, 13% used [0x0000000081a00000,0x0000000082210a50,0x0000000085800000)
 Metaspace       used 31760K, capacity 32152K, committed 32512K, reserved 1077248K
  class space    used 3936K, capacity 4043K, committed 4096K, reserved 1048576K
Event: 3.159 GC heap after
Heap after GC invocations=8 (full 1):
 PSYoungGen      total 84480K, used 10743K [0x00000000d5e00000, 0x00000000de380000, 0x0000000100000000)
  eden space 73728K, 0% used [0x00000000d5e00000,0x00000000d5e00000,0x00000000da600000)
  from space 10752K, 99% used [0x00000000da600000,0x00000000db07dfe0,0x00000000db080000)
  to   space 14336K, 0% used [0x00000000dd580000,0x00000000dd580000,0x00000000de380000)
 ParOldGen       total 63488K, used 12070K [0x0000000081a00000, 0x0000000085800000, 0x00000000d5e00000)
  object space 63488K, 19% used [0x0000000081a00000,0x00000000825c9b78,0x0000000085800000)
 Metaspace       used 31760K, capacity 32152K, committed 32512K, reserved 1077248K
  class space    used 3936K, capacity 4043K, committed 4096K, reserved 1048576K
}
Event: 3.648 GC heap before
{Heap before GC invocations=9 (full 1):
 PSYoungGen      total 84480K, used 84471K [0x00000000d5e00000, 0x00000000de380000, 0x0000000100000000)
  eden space 73728K, 100% used [0x00000000d5e00000,0x00000000da600000,0x00000000da600000)
  from space 10752K, 99% used [0x00000000da600000,0x00000000db07dfe0,0x00000000db080000)
  to   space 14336K, 0% used [0x00000000dd580000,0x00000000dd580000,0x00000000de380000)
 ParOldGen       total 63488K, used 12070K [0x0000000081a00000, 0x0000000085800000, 0x00000000d5e00000)
  object space 63488K, 19% used [0x0000000081a00000,0x00000000825c9b78,0x0000000085800000)
 Metaspace       used 33511K, capacity 33988K, committed 34304K, reserved 1079296K
  class space    used 4164K, capacity 4317K, committed 4352K, reserved 1048576K
Event: 3.666 GC heap after
Heap after GC invocations=9 (full 1):
 PSYoungGen      total 119808K, used 14321K [0x00000000d5e00000, 0x00000000deb00000, 0x0000000100000000)
  eden space 105472K, 0% used [0x00000000d5e00000,0x00000000d5e00000,0x00000000dc500000)
  from space 14336K, 99% used [0x00000000dd580000,0x00000000de37c408,0x00000000de380000)
  to   space 16896K, 0% used [0x00000000dc500000,0x00000000dc500000,0x00000000dd580000)
 ParOldGen       total 63488K, used 13223K [0x0000000081a00000, 0x0000000085800000, 0x00000000d5e00000)
  object space 63488K, 20% used [0x0000000081a00000,0x00000000826e9ef0,0x0000000085800000)
 Metaspace       used 33511K, capacity 33988K, committed 34304K, reserved 1079296K
  class space    used 4164K, capacity 4317K, committed 4352K, reserved 1048576K
}
Event: 3.993 GC heap before
{Heap before GC invocations=10 (full 1):
 PSYoungGen      total 119808K, used 43634K [0x00000000d5e00000, 0x00000000deb00000, 0x0000000100000000)
  eden space 105472K, 27% used [0x00000000d5e00000,0x00000000d7aa07b8,0x00000000dc500000)
  from space 14336K, 99% used [0x00000000dd580000,0x00000000de37c408,0x00000000de380000)
  to   space 16896K, 0% used [0x00000000dc500000,0x00000000dc500000,0x00000000dd580000)
 ParOldGen       total 63488K, used 13223K [0x0000000081a00000, 0x0000000085800000, 0x00000000d5e00000)
  object space 63488K, 20% used [0x0000000081a00000,0x00000000826e9ef0,0x0000000085800000)
 Metaspace       used 34759K, capacity 35242K, committed 35456K, reserved 1081344K
  class space    used 4276K, capacity 4414K, committed 4480K, reserved 1048576K
Event: 4.014 GC heap after
Heap after GC invocations=10 (full 1):
 PSYoungGen      total 122368K, used 16876K [0x00000000d5e00000, 0x00000000e0e80000, 0x0000000100000000)
  eden space 105472K, 0% used [0x00000000d5e00000,0x00000000d5e00000,0x00000000dc500000)
  from space 16896K, 99% used [0x00000000dc500000,0x00000000dd57b258,0x00000000dd580000)
  to   space 19456K, 0% used [0x00000000dfb80000,0x00000000dfb80000,0x00000000e0e80000)
 ParOldGen       total 63488K, used 13712K [0x0000000081a00000, 0x0000000085800000, 0x00000000d5e00000)
  object space 63488K, 21% used [0x0000000081a00000,0x00000000827640f0,0x0000000085800000)
 Metaspace       used 34759K, capacity 35242K, committed 35456K, reserved 1081344K
  class space    used 4276K, capacity 4414K, committed 4480K, reserved 1048576K
}
Event: 4.014 GC heap before
{Heap before GC invocations=11 (full 2):
 PSYoungGen      total 122368K, used 16876K [0x00000000d5e00000, 0x00000000e0e80000, 0x0000000100000000)
  eden space 105472K, 0% used [0x00000000d5e00000,0x00000000d5e00000,0x00000000dc500000)
  from space 16896K, 99% used [0x00000000dc500000,0x00000000dd57b258,0x00000000dd580000)
  to   space 19456K, 0% used [0x00000000dfb80000,0x00000000dfb80000,0x00000000e0e80000)
 ParOldGen       total 63488K, used 13712K [0x0000000081a00000, 0x0000000085800000, 0x00000000d5e00000)
  object space 63488K, 21% used [0x0000000081a00000,0x00000000827640f0,0x0000000085800000)
 Metaspace       used 34759K, capacity 35242K, committed 35456K, reserved 1081344K
  class space    used 4276K, capacity 4414K, committed 4480K, reserved 1048576K
Event: 4.110 GC heap after
Heap after GC invocations=11 (full 2):
 PSYoungGen      total 122368K, used 0K [0x00000000d5e00000, 0x00000000e0e80000, 0x0000000100000000)
  eden space 105472K, 0% used [0x00000000d5e00000,0x00000000d5e00000,0x00000000dc500000)
  from space 16896K, 0% used [0x00000000dc500000,0x00000000dc500000,0x00000000dd580000)
  to   space 19456K, 0% used [0x00000000dfb80000,0x00000000dfb80000,0x00000000e0e80000)
 ParOldGen       total 101376K, used 23064K [0x0000000081a00000, 0x0000000087d00000, 0x00000000d5e00000)
  object space 101376K, 22% used [0x0000000081a00000,0x0000000083086208,0x0000000087d00000)
 Metaspace       used 34759K, capacity 35242K, committed 35456K, reserved 1081344K
  class space    used 4276K, capacity 4414K, committed 4480K, reserved 1048576K
}

