# JRE version: Java(TM) SE Runtime Environment (8.0_121-b13) (build 1.8.0_121-b13)
# Java VM: Java HotSpot(TM) 64-Bit Server VM (25.121-b13 mixed mode windows-amd64 compressed oops)
Heap:
 PSYoungGen      total 81920K, used 78518K [0x00000000d5e00000, 0x00000000dcf80000, 0x0000000100000000)
  eden space 71680K, 98% used [0x00000000d5e00000,0x00000000da318188,0x00000000da400000)
  from space 10240K, 75% used [0x00000000dae80000,0x00000000db615808,0x00000000db880000)
  to   space 10752K, 0% used [0x00000000da400000,0x00000000da400000,0x00000000dae80000)
 ParOldGen       total 62464K, used 7880K [0x0000000081a00000, 0x0000000085700000, 0x00000000d5e00000)
  object space 62464K, 12% used [0x0000000081a00000,0x00000000821b23e8,0x0000000085700000)
 Metaspace       used 31738K, capacity 32152K, committed 32512K, reserved 1077248K
  class space    used 3924K, capacity 4043K, committed 4096K, reserved 1048576K
GC Heap History (10 events):
Event: 1.140 GC heap before
{Heap before GC invocations=3 (full 0):
 PSYoungGen      total 38400K, used 30111K [0x00000000d5e00000, 0x00000000da900000, 0x0000000100000000)
  eden space 33280K, 75% used [0x00000000d5e00000,0x00000000d766da10,0x00000000d7e80000)
  from space 5120K, 99% used [0x00000000d8380000,0x00000000d887a2e0,0x00000000d8880000)
  to   space 5120K, 0% used [0x00000000d7e80000,0x00000000d7e80000,0x00000000d8380000)
 ParOldGen       total 87552K, used 3682K [0x0000000081a00000, 0x0000000086f80000, 0x00000000d5e00000)
  object space 87552K, 4% used [0x0000000081a00000,0x0000000081d98930,0x0000000086f80000)
 Metaspace       used 20835K, capacity 21120K, committed 21296K, reserved 1069056K
  class space    used 2533K, capacity 2625K, committed 2688K, reserved 1048576K
Event: 1.147 GC heap after
Heap after GC invocations=3 (full 0):
 PSYoungGen      total 38400K, used 5096K [0x00000000d5e00000, 0x00000000da900000, 0x0000000100000000)
  eden space 33280K, 0% used [0x00000000d5e00000,0x00000000d5e00000,0x00000000d7e80000)
  from space 5120K, 99% used [0x00000000d7e80000,0x00000000d837a020,0x00000000d8380000)
  to   space 5120K, 0% used [0x00000000da400000,0x00000000da400000,0x00000000da900000)
 ParOldGen       total 87552K, used 6636K [0x0000000081a00000, 0x0000000086f80000, 0x00000000d5e00000)
  object space 87552K, 7% used [0x0000000081a00000,0x000000008207b158,0x0000000086f80000)
 Metaspace       used 20835K, capacity 21120K, committed 21296K, reserved 1069056K
  class space    used 2533K, capacity 2625K, committed 2688K, reserved 1048576K
}
Event: 1.147 GC heap before
{Heap before GC invocations=4 (full 1):
 PSYoungGen      total 38400K, used 5096K [0x00000000d5e00000, 0x00000000da900000, 0x0000000100000000)
  eden space 33280K, 0% used [0x00000000d5e00000,0x00000000d5e00000,0x00000000d7e80000)
  from space 5120K, 99% used [0x00000000d7e80000,0x00000000d837a020,0x00000000d8380000)
  to   space 5120K, 0% used [0x00000000da400000,0x00000000da400000,0x00000000da900000)
 ParOldGen       total 87552K, used 6636K [0x0000000081a00000, 0x0000000086f80000, 0x00000000d5e00000)
  object space 87552K, 7% used [0x0000000081a00000,0x000000008207b158,0x0000000086f80000)
 Metaspace       used 20835K, capacity 21120K, committed 21296K, reserved 1069056K
  class space    used 2533K, capacity 2625K, committed 2688K, reserved 1048576K
Event: 1.172 GC heap after
Heap after GC invocations=4 (full 1):
 PSYoungGen      total 38400K, used 0K [0x00000000d5e00000, 0x00000000da900000, 0x0000000100000000)
  eden space 33280K, 0% used [0x00000000d5e00000,0x00000000d5e00000,0x00000000d7e80000)
  from space 5120K, 0% used [0x00000000d7e80000,0x00000000d7e80000,0x00000000d8380000)
  to   space 5120K, 0% used [0x00000000da400000,0x00000000da400000,0x00000000da900000)
 ParOldGen       total 62464K, used 7842K [0x0000000081a00000, 0x0000000085700000, 0x00000000d5e00000)
  object space 62464K, 12% used [0x0000000081a00000,0x00000000821a8848,0x0000000085700000)
 Metaspace       used 20835K, capacity 21120K, committed 21296K, reserved 1069056K
  class space    used 2533K, capacity 2625K, committed 2688K, reserved 1048576K
}
Event: 1.402 GC heap before
{Heap before GC invocations=5 (full 1):
 PSYoungGen      total 38400K, used 33280K [0x00000000d5e00000, 0x00000000da900000, 0x0000000100000000)
  eden space 33280K, 100% used [0x00000000d5e00000,0x00000000d7e80000,0x00000000d7e80000)
  from space 5120K, 0% used [0x00000000d7e80000,0x00000000d7e80000,0x00000000d8380000)
  to   space 5120K, 0% used [0x00000000da400000,0x00000000da400000,0x00000000da900000)
 ParOldGen       total 62464K, used 7856K [0x0000000081a00000, 0x0000000085700000, 0x00000000d5e00000)
  object space 62464K, 12% used [0x0000000081a00000,0x00000000821ac3e8,0x0000000085700000)
 Metaspace       used 22462K, capacity 22740K, committed 22960K, reserved 1069056K
  class space    used 2711K, capacity 2802K, committed 2816K, reserved 1048576K
Event: 1.405 GC heap after
Heap after GC invocations=5 (full 1):
 PSYoungGen      total 52736K, used 3146K [0x00000000d5e00000, 0x00000000da780000, 0x0000000100000000)
  eden space 49152K, 0% used [0x00000000d5e00000,0x00000000d5e00000,0x00000000d8e00000)
  from space 3584K, 87% used [0x00000000da400000,0x00000000da712bd8,0x00000000da780000)
  to   space 5120K, 0% used [0x00000000d9d80000,0x00000000d9d80000,0x00000000da280000)
 ParOldGen       total 62464K, used 7864K [0x0000000081a00000, 0x0000000085700000, 0x00000000d5e00000)
  object space 62464K, 12% used [0x0000000081a00000,0x00000000821ae3e8,0x0000000085700000)
 Metaspace       used 22462K, capacity 22740K, committed 22960K, reserved 1069056K
  class space    used 2711K, capacity 2802K, committed 2816K, reserved 1048576K
}
Event: 1.669 GC heap before
{Heap before GC invocations=6 (full 1):
 PSYoungGen      total 52736K, used 52298K [0x00000000d5e00000, 0x00000000da780000, 0x0000000100000000)
  eden space 49152K, 100% used [0x00000000d5e00000,0x00000000d8e00000,0x00000000d8e00000)
  from space 3584K, 87% used [0x00000000da400000,0x00000000da712bd8,0x00000000da780000)
  to   space 5120K, 0% used [0x00000000d9d80000,0x00000000d9d80000,0x00000000da280000)
 ParOldGen       total 62464K, used 7864K [0x0000000081a00000, 0x0000000085700000, 0x00000000d5e00000)
  object space 62464K, 12% used [0x0000000081a00000,0x00000000821ae3e8,0x0000000085700000)
 Metaspace       used 23500K, capacity 23834K, committed 24064K, reserved 1071104K
  class space    used 2858K, capacity 2968K, committed 3072K, reserved 1048576K
Event: 1.674 GC heap after
Heap after GC invocations=6 (full 1):
 PSYoungGen      total 70144K, used 4714K [0x00000000d5e00000, 0x00000000db880000, 0x0000000100000000)
  eden space 65024K, 0% used [0x00000000d5e00000,0x00000000d5e00000,0x00000000d9d80000)
  from space 5120K, 92% used [0x00000000d9d80000,0x00000000da21a9e0,0x00000000da280000)
  to   space 10240K, 0% used [0x00000000dae80000,0x00000000dae80000,0x00000000db880000)
 ParOldGen       total 62464K, used 7872K [0x0000000081a00000, 0x0000000085700000, 0x00000000d5e00000)
  object space 62464K, 12% used [0x0000000081a00000,0x00000000821b03e8,0x0000000085700000)
 Metaspace       used 23500K, capacity 23834K, committed 24064K, reserved 1071104K
  class space    used 2858K, capacity 2968K, committed 3072K, reserved 1048576K
}
Event: 2.223 GC heap before
{Heap before GC invocations=7 (full 1):
 PSYoungGen      total 70144K, used 69738K [0x00000000d5e00000, 0x00000000db880000, 0x0000000100000000)
  eden space 65024K, 100% used [0x00000000d5e00000,0x00000000d9d80000,0x00000000d9d80000)
  from space 5120K, 92% used [0x00000000d9d80000,0x00000000da21a9e0,0x00000000da280000)
  to   space 10240K, 0% used [0x00000000dae80000,0x00000000dae80000,0x00000000db880000)
 ParOldGen       total 62464K, used 7872K [0x0000000081a00000, 0x0000000085700000, 0x00000000d5e00000)
  object space 62464K, 12% used [0x0000000081a00000,0x00000000821b03e8,0x0000000085700000)
 Metaspace       used 27236K, capacity 27660K, committed 28032K, reserved 1073152K
  class space    used 3342K, capacity 3426K, committed 3456K, reserved 1048576K
Event: 2.233 GC heap after
Heap after GC invocations=7 (full 1):
 PSYoungGen      total 81920K, used 7766K [0x00000000d5e00000, 0x00000000dcf80000, 0x0000000100000000)
  eden space 71680K, 0% used [0x00000000d5e00000,0x00000000d5e00000,0x00000000da400000)
  from space 10240K, 75% used [0x00000000dae80000,0x00000000db615808,0x00000000db880000)
  to   space 10752K, 0% used [0x00000000da400000,0x00000000da400000,0x00000000dae80000)
 ParOldGen       total 62464K, used 7880K [0x0000000081a00000, 0x0000000085700000, 0x00000000d5e00000)
  object space 62464K, 12% used [0x0000000081a00000,0x00000000821b23e8,0x0000000085700000)
 Metaspace       used 27236K, capacity 27660K, committed 28032K, reserved 1073152K
  class space    used 3342K, capacity 3426K, committed 3456K, reserved 1048576K
}

